<?xml version="1.0" encoding="UTF-8"?>
<!-- Generated by org.testng.reporters.JUnitReportReporter -->
<testsuite hostname="snehap-w7" name="com.test.GoogleTest" tests="1" failures="0" timestamp="6 Jul 2016 05:19:11 GMT" time="10.117" errors="0">
  <testcase name="runtest" time="10.117" classname="com.test.GoogleTest"/>
</testsuite> <!-- com.test.GoogleTest -->
